app/build/intermediates/manifest_merge_blame_file/debug/manifest-merger-blame-debug-report.txt
1<?xml version="1.0" encoding="utf-8"?>
2<manifest xmlns:android="http://schemas.android.com/apk/res/android"
3    package="com.duitku.e_study"
4    android:versionCode="1"
5    android:versionName="1.0" >
6
7    <uses-sdk
8        android:minSdkVersion="21"
8-->src/main/AndroidManifest.xml
9        android:targetSdkVersion="30" />
9-->src/main/AndroidManifest.xml
10
11    <uses-permission android:name="android.permission.READ_EXTERNAL_STORAGE" />
11-->src/main/AndroidManifest.xml:5:5-80
11-->src/main/AndroidManifest.xml:5:22-77
12    <uses-permission android:name="android.permission.WRITE_EXTERNAL_STORAGE" />
12-->src/main/AndroidManifest.xml:6:5-81
12-->src/main/AndroidManifest.xml:6:22-78
13    <uses-permission android:name="android.permission.INTERNET" />
13-->src/main/AndroidManifest.xml:7:5-67
13-->src/main/AndroidManifest.xml:7:22-64
14    <uses-permission android:name="android.permission.ACCESS_NETWORK_STATE" />
14-->src/main/AndroidManifest.xml:8:5-79
14-->src/main/AndroidManifest.xml:8:22-76
15    <uses-permission android:name="android.permission.CAMERA" />
15-->src/main/AndroidManifest.xml:9:5-65
15-->src/main/AndroidManifest.xml:9:22-62
16    <uses-permission android:name="android.permission.FLASHLIGHT" />
16-->src/main/AndroidManifest.xml:10:5-69
16-->src/main/AndroidManifest.xml:10:22-66
17    <uses-permission android:name="android.permission.WAKE_LOCK" />
17-->src/main/AndroidManifest.xml:11:5-67
17-->src/main/AndroidManifest.xml:11:22-65
18    <uses-permission android:name="android.permission.FOREGROUND_SERVICE" />
18-->src/main/AndroidManifest.xml:12:5-77
18-->src/main/AndroidManifest.xml:12:22-74
19
20    <application
20-->src/main/AndroidManifest.xml:14:5-102:19
21        android:name="com.duitku.e_study.Util.Initializer"
21-->src/main/AndroidManifest.xml:15:9-41
22        android:allowBackup="true"
22-->src/main/AndroidManifest.xml:16:9-35
23        android:appComponentFactory="androidx.core.app.CoreComponentFactory"
23-->[androidx.core:core:1.1.0] AndroidManifest.xml:24:18-86
24        android:debuggable="true"
25        android:icon="@mipmap/logo"
25-->src/main/AndroidManifest.xml:17:9-36
26        android:label="@string/app_name"
26-->src/main/AndroidManifest.xml:18:9-41
27        android:requestLegacyExternalStorage="true"
27-->src/main/AndroidManifest.xml:19:9-52
28        android:roundIcon="@mipmap/logo"
28-->src/main/AndroidManifest.xml:20:9-41
29        android:supportsRtl="true"
29-->src/main/AndroidManifest.xml:21:9-35
30        android:testOnly="true"
31        android:theme="@style/AppTheme"
31-->src/main/AndroidManifest.xml:22:9-40
32        android:usesCleartextTraffic="true" >
32-->src/main/AndroidManifest.xml:23:9-44
33        <service
33-->src/main/AndroidManifest.xml:24:9-26:40
34            android:name="com.duitku.e_study.Service.SoundService"
34-->src/main/AndroidManifest.xml:25:13-49
35            android:exported="false" />
35-->src/main/AndroidManifest.xml:26:13-37
36        <service
36-->src/main/AndroidManifest.xml:28:9-30:40
37            android:name="com.duitku.e_study.Service.SoundServiceDua"
37-->src/main/AndroidManifest.xml:29:13-52
38            android:exported="false" />
38-->src/main/AndroidManifest.xml:30:13-37
39        <service
39-->src/main/AndroidManifest.xml:32:9-34:40
40            android:name="com.duitku.e_study.Service.SoundServiceTiga"
40-->src/main/AndroidManifest.xml:33:13-53
41            android:exported="false" />
41-->src/main/AndroidManifest.xml:34:13-37
42
43        <activity
43-->src/main/AndroidManifest.xml:38:9-40:52
44            android:name="com.duitku.e_study.Auth.LoginActivity"
44-->src/main/AndroidManifest.xml:39:13-47
45            android:screenOrientation="portrait" />
45-->src/main/AndroidManifest.xml:40:13-49
46        <activity
46-->src/main/AndroidManifest.xml:41:9-43:52
47            android:name="com.duitku.e_study.Menu.About"
47-->src/main/AndroidManifest.xml:42:13-39
48            android:screenOrientation="portrait" />
48-->src/main/AndroidManifest.xml:43:13-49
49        <activity
49-->src/main/AndroidManifest.xml:44:9-46:52
50            android:name="com.duitku.e_study.MenuUtama"
50-->src/main/AndroidManifest.xml:45:13-38
51            android:screenOrientation="portrait" />
51-->src/main/AndroidManifest.xml:46:13-49
52        <activity
52-->src/main/AndroidManifest.xml:47:9-49:52
53            android:name="com.duitku.e_study.Menu.Quiz"
53-->src/main/AndroidManifest.xml:48:13-38
54            android:screenOrientation="portrait" />
54-->src/main/AndroidManifest.xml:49:13-49
55        <activity
55-->src/main/AndroidManifest.xml:50:9-52:52
56            android:name="com.duitku.e_study.Menu.DetailMateri"
56-->src/main/AndroidManifest.xml:51:13-46
57            android:screenOrientation="portrait" />
57-->src/main/AndroidManifest.xml:52:13-49
58        <activity
58-->src/main/AndroidManifest.xml:53:9-55:52
59            android:name="com.duitku.e_study.Menu.Materi"
59-->src/main/AndroidManifest.xml:54:13-40
60            android:screenOrientation="portrait" />
60-->src/main/AndroidManifest.xml:55:13-49
61        <activity
61-->src/main/AndroidManifest.xml:56:9-58:52
62            android:name="com.duitku.e_study.Menu.InputQuiz"
62-->src/main/AndroidManifest.xml:57:13-43
63            android:screenOrientation="portrait" />
63-->src/main/AndroidManifest.xml:58:13-49
64        <activity
64-->src/main/AndroidManifest.xml:59:9-61:52
65            android:name="com.duitku.e_study.Auth.RegisterActivity"
65-->src/main/AndroidManifest.xml:60:13-50
66            android:screenOrientation="portrait" />
66-->src/main/AndroidManifest.xml:61:13-49
67        <activity
67-->src/main/AndroidManifest.xml:62:9-64:52
68            android:name="com.duitku.e_study.Menu.EditQuiz"
68-->src/main/AndroidManifest.xml:63:13-42
69            android:screenOrientation="portrait" />
69-->src/main/AndroidManifest.xml:64:13-49
70        <activity
70-->src/main/AndroidManifest.xml:65:9-67:52
71            android:name="com.duitku.e_study.Auth.ChangePassword"
71-->src/main/AndroidManifest.xml:66:13-48
72            android:screenOrientation="portrait" />
72-->src/main/AndroidManifest.xml:67:13-49
73        <activity
73-->src/main/AndroidManifest.xml:68:9-70:52
74            android:name="com.duitku.e_study.Menu.ChooseQuiz"
74-->src/main/AndroidManifest.xml:69:13-44
75            android:screenOrientation="portrait" />
75-->src/main/AndroidManifest.xml:70:13-49
76        <activity
76-->src/main/AndroidManifest.xml:71:9-73:52
77            android:name="com.duitku.e_study.Menu.InputMateri"
77-->src/main/AndroidManifest.xml:72:13-45
78            android:screenOrientation="portrait" />
78-->src/main/AndroidManifest.xml:73:13-49
79        <activity
79-->src/main/AndroidManifest.xml:74:9-76:52
80            android:name="com.duitku.e_study.Menu.EditMateri"
80-->src/main/AndroidManifest.xml:75:13-44
81            android:screenOrientation="portrait" />
81-->src/main/AndroidManifest.xml:76:13-49
82        <activity
82-->src/main/AndroidManifest.xml:77:9-79:52
83            android:name="com.duitku.e_study.Menu.PDFViewer"
83-->src/main/AndroidManifest.xml:78:13-43
84            android:screenOrientation="portrait" />
84-->src/main/AndroidManifest.xml:79:13-49
85
86        <provider
87            android:name="androidx.core.content.FileProvider"
87-->src/main/AndroidManifest.xml:82:13-62
88            android:authorities="com.duitku.e_study.provider"
88-->src/main/AndroidManifest.xml:83:13-60
89            android:exported="false"
89-->src/main/AndroidManifest.xml:84:13-37
90            android:grantUriPermissions="true" >
90-->src/main/AndroidManifest.xml:85:13-47
91            <meta-data
91-->src/main/AndroidManifest.xml:86:13-88:58
92                android:name="android.support.FILE_PROVIDER_PATHS"
92-->src/main/AndroidManifest.xml:87:17-67
93                android:resource="@xml/provider_paths" />
93-->src/main/AndroidManifest.xml:88:17-55
94        </provider>
95
96        <activity android:name="com.duitku.e_study.Menu.SplashScreen" >
96-->src/main/AndroidManifest.xml:91:9-97:20
96-->src/main/AndroidManifest.xml:91:19-52
97            <intent-filter>
97-->src/main/AndroidManifest.xml:92:13-96:29
98                <action android:name="android.intent.action.MAIN" />
98-->src/main/AndroidManifest.xml:93:17-69
98-->src/main/AndroidManifest.xml:93:25-66
99
100                <category android:name="android.intent.category.LAUNCHER" />
100-->src/main/AndroidManifest.xml:95:17-77
100-->src/main/AndroidManifest.xml:95:27-74
101            </intent-filter>
102        </activity>
103
104        <meta-data
104-->src/main/AndroidManifest.xml:99:9-101:57
105            android:name="preloaded_fonts"
105-->src/main/AndroidManifest.xml:100:13-43
106            android:resource="@array/preloaded_fonts" />
106-->src/main/AndroidManifest.xml:101:13-54
107
108        <activity
108-->[com.karumi:dexter:5.0.0] AndroidManifest.xml:27:9-29:72
109            android:name="com.karumi.dexter.DexterActivity"
109-->[com.karumi:dexter:5.0.0] AndroidManifest.xml:28:13-60
110            android:theme="@style/Dexter.Internal.Theme.Transparent" />
110-->[com.karumi:dexter:5.0.0] AndroidManifest.xml:29:13-69
111
112        <service
112-->[net.gotev:uploadservice:3.4] AndroidManifest.xml:17:9-21:19
113            android:name="net.gotev.uploadservice.UploadService"
113-->[net.gotev:uploadservice:3.4] AndroidManifest.xml:18:13-65
114            android:enabled="true"
114-->[net.gotev:uploadservice:3.4] AndroidManifest.xml:19:13-35
115            android:exported="false" >
115-->[net.gotev:uploadservice:3.4] AndroidManifest.xml:20:13-37
116        </service>
117    </application>
118
119</manifest>